<?xml version="1.0" encoding="UTF-8"?>
<!-- Generated by org.testng.reporters.JUnitReportReporter -->
<testsuite hostname="LAPTOP-6MP1KQFL" failures="0" tests="1" name="HandlingTestNG.DemoTestNG" time="0.049" errors="0" timestamp="2023-07-13T19:00:10 IST" skipped="0">
  <testcase classname="HandlingTestNG.DemoTestNG" name="demoTest" time="0.049"/>
  <system-out>
    <![CDATA[welcome to testng]]>
  </system-out>
</testsuite> <!-- HandlingTestNG.DemoTestNG -->
