<?xml version="1.0" encoding="UTF-8"?>
<!-- Generated by org.testng.reporters.JUnitReportReporter -->
<testsuite hostname="LAPTOP-6MP1KQFL" failures="0" tests="1" name="HandlingTestNG.DemoAssertion" time="8.032" errors="0" timestamp="2023-07-13T18:58:37 IST" skipped="0">
  <testcase classname="HandlingTestNG.DemoAssertion" name="verifyTitle" time="8.032"/>
  <system-out>
    <![CDATA[Title is not matching and fail]]>
  </system-out>
</testsuite> <!-- HandlingTestNG.DemoAssertion -->
