<?xml version="1.0" encoding="UTF-8"?>
<!-- Generated by org.testng.reporters.JUnitReportReporter -->
<testsuite hostname="LAPTOP-6MP1KQFL" failures="0" tests="1" name="com.testscript.DemoScreenshot" time="37.012" errors="0" timestamp="2023-07-21T20:40:47 IST" skipped="0">
  <testcase classname="com.testscript.DemoScreenshot" name="TestScreenshot" time="37.012"/>
</testsuite> <!-- com.testscript.DemoScreenshot -->
