<?xml version="1.0" encoding="UTF-8"?>
<!-- Generated by org.testng.reporters.JUnitReportReporter -->
<testsuite hostname="LAPTOP-6MP1KQFL" failures="0" tests="1" name="HandlingTestNG.DemoAssertioon" time="11.809" errors="0" timestamp="2023-07-13T18:59:45 IST" skipped="0">
  <testcase classname="HandlingTestNG.DemoAssertioon" name="verifyTitle" time="11.809"/>
  <system-out/>
</testsuite> <!-- HandlingTestNG.DemoAssertioon -->
